# JRE version: OpenJDK Runtime Environment (11.0.2+9) (build 11.0.2+9)
# Java VM: OpenJDK 64-Bit Server VM (11.0.2+9, mixed mode, tiered, compressed oops, g1 gc, windows-amd64)
Heap:
 garbage-first heap   total 157696K, used 12136K [0x0000000081200000, 0x0000000100000000)
  region size 1024K, 7 young (7168K), 7 survivors (7168K)
 Metaspace       used 27113K, capacity 27799K, committed 28028K, reserved 1075200K
  class space    used 3017K, capacity 3269K, committed 3276K, reserved 1048576K
GC Heap History (10 events):
Event: 1.134 GC heap after
{Heap after GC invocations=2 (full 0):
 garbage-first heap   total 131072K, used 6038K [0x0000000081200000, 0x0000000100000000)
  region size 1024K, 1 young (1024K), 1 survivors (1024K)
 Metaspace       used 10937K, capacity 11156K, committed 11392K, reserved 1058816K
  class space    used 1044K, capacity 1103K, committed 1152K, reserved 1048576K
}
Event: 1.149 GC heap before
{Heap before GC invocations=2 (full 0):
 garbage-first heap   total 131072K, used 33686K [0x0000000081200000, 0x0000000100000000)
  region size 1024K, 29 young (29696K), 1 survivors (1024K)
 Metaspace       used 10937K, capacity 11156K, committed 11392K, reserved 1058816K
  class space    used 1044K, capacity 1103K, committed 1152K, reserved 1048576K
}
Event: 1.150 GC heap after
{Heap after GC invocations=3 (full 0):
 garbage-first heap   total 131072K, used 6066K [0x0000000081200000, 0x0000000100000000)
  region size 1024K, 1 young (1024K), 1 survivors (1024K)
 Metaspace       used 10937K, capacity 11156K, committed 11392K, reserved 1058816K
  class space    used 1044K, capacity 1103K, committed 1152K, reserved 1048576K
}
Event: 2.323 GC heap before
{Heap before GC invocations=3 (full 0):
 garbage-first heap   total 131072K, used 61362K [0x0000000081200000, 0x0000000100000000)
  region size 1024K, 57 young (58368K), 1 survivors (1024K)
 Metaspace       used 20777K, capacity 21212K, committed 21296K, reserved 1069056K
  class space    used 2246K, capacity 2429K, committed 2432K, reserved 1048576K
}
Event: 2.328 GC heap after
{Heap after GC invocations=4 (full 0):
 garbage-first heap   total 131072K, used 7767K [0x0000000081200000, 0x0000000100000000)
  region size 1024K, 3 young (3072K), 3 survivors (3072K)
 Metaspace       used 20777K, capacity 21212K, committed 21296K, reserved 1069056K
  class space    used 2246K, capacity 2429K, committed 2432K, reserved 1048576K
}
Event: 3.512 GC heap before
{Heap before GC invocations=5 (full 0):
 garbage-first heap   total 131072K, used 82519K [0x0000000081200000, 0x0000000100000000)
  region size 1024K, 76 young (77824K), 3 survivors (3072K)
 Metaspace       used 23476K, capacity 24089K, committed 24316K, reserved 1071104K
  class space    used 2585K, capacity 2814K, committed 2892K, reserved 1048576K
}
Event: 3.520 GC heap after
{Heap after GC invocations=6 (full 0):
 garbage-first heap   total 131072K, used 9975K [0x0000000081200000, 0x0000000100000000)
  region size 1024K, 5 young (5120K), 5 survivors (5120K)
 Metaspace       used 23476K, capacity 24089K, committed 24316K, reserved 1071104K
  class space    used 2585K, capacity 2814K, committed 2892K, reserved 1048576K
}
Event: 3.973 GC heap before
{Heap before GC invocations=6 (full 0):
 garbage-first heap   total 131072K, used 81655K [0x0000000081200000, 0x0000000100000000)
  region size 1024K, 76 young (77824K), 5 survivors (5120K)
 Metaspace       used 23828K, capacity 24409K, committed 24572K, reserved 1071104K
  class space    used 2628K, capacity 2857K, committed 2892K, reserved 1048576K
}
Event: 3.982 GC heap after
{Heap after GC invocations=7 (full 0):
 garbage-first heap   total 131072K, used 10539K [0x0000000081200000, 0x0000000100000000)
  region size 1024K, 5 young (5120K), 5 survivors (5120K)
 Metaspace       used 23828K, capacity 24409K, committed 24572K, reserved 1071104K
  class space    used 2628K, capacity 2857K, committed 2892K, reserved 1048576K
}
Event: 5.504 GC heap before
{Heap before GC invocations=7 (full 0):
 garbage-first heap   total 131072K, used 82219K [0x0000000081200000, 0x0000000100000000)
  region size 1024K, 76 young (77824K), 5 survivors (5120K)
 Metaspace       used 27113K, capacity 27799K, committed 28028K, reserved 1075200K
  class space    used 3017K, capacity 3269K, committed 3276K, reserved 1048576K
}

