# JRE version: OpenJDK Runtime Environment (11.0.2+9) (build 11.0.2+9)
# Java VM: OpenJDK 64-Bit Server VM (11.0.2+9, mixed mode, tiered, compressed oops, g1 gc, windows-amd64)
Heap:
 garbage-first heap   total 157696K, used 11014K [0x0000000081200000, 0x0000000100000000)
  region size 1024K, 6 young (6144K), 6 survivors (6144K)
 Metaspace       used 23917K, capacity 24423K, committed 24624K, reserved 1071104K
  class space    used 2639K, capacity 2860K, committed 2944K, reserved 1048576K
GC Heap History (9 events):
Event: 1.134 GC heap before
{Heap before GC invocations=0 (full 0):
 garbage-first heap   total 131072K, used 15360K [0x0000000081200000, 0x0000000100000000)
  region size 1024K, 14 young (14336K), 0 survivors (0K)
 Metaspace       used 9030K, capacity 9244K, committed 9344K, reserved 1058816K
  class space    used 808K, capacity 868K, committed 896K, reserved 1048576K
}
Event: 1.146 GC heap after
{Heap after GC invocations=1 (full 0):
 garbage-first heap   total 131072K, used 5807K [0x0000000081200000, 0x0000000100000000)
  region size 1024K, 2 young (2048K), 2 survivors (2048K)
 Metaspace       used 9030K, capacity 9244K, committed 9344K, reserved 1058816K
  class space    used 808K, capacity 868K, committed 896K, reserved 1048576K
}
Event: 2.126 GC heap before
{Heap before GC invocations=1 (full 0):
 garbage-first heap   total 131072K, used 76463K [0x0000000081200000, 0x0000000100000000)
  region size 1024K, 72 young (73728K), 2 survivors (2048K)
 Metaspace       used 16205K, capacity 16598K, committed 16768K, reserved 1064960K
  class space    used 1727K, capacity 1868K, committed 1920K, reserved 1048576K
}
Event: 2.135 GC heap after
{Heap after GC invocations=2 (full 0):
 garbage-first heap   total 131072K, used 7389K [0x0000000081200000, 0x0000000100000000)
  region size 1024K, 4 young (4096K), 4 survivors (4096K)
 Metaspace       used 16205K, capacity 16598K, committed 16768K, reserved 1064960K
  class space    used 1727K, capacity 1868K, committed 1920K, reserved 1048576K
}
Event: 3.003 GC heap before
{Heap before GC invocations=2 (full 0):
 garbage-first heap   total 131072K, used 28893K [0x0000000081200000, 0x0000000100000000)
  region size 1024K, 27 young (27648K), 4 survivors (4096K)
 Metaspace       used 20732K, capacity 21220K, committed 21296K, reserved 1069056K
  class space    used 2242K, capacity 2432K, committed 2432K, reserved 1048576K
}
Event: 3.013 GC heap after
{Heap after GC invocations=3 (full 0):
 garbage-first heap   total 131072K, used 7975K [0x0000000081200000, 0x0000000100000000)
  region size 1024K, 5 young (5120K), 5 survivors (5120K)
 Metaspace       used 20732K, capacity 21220K, committed 21296K, reserved 1069056K
  class space    used 2242K, capacity 2432K, committed 2432K, reserved 1048576K
}
Event: 4.614 GC heap before
{Heap before GC invocations=4 (full 0):
 garbage-first heap   total 131072K, used 75559K [0x0000000081200000, 0x0000000100000000)
  region size 1024K, 72 young (73728K), 5 survivors (5120K)
 Metaspace       used 23558K, capacity 24164K, committed 24368K, reserved 1071104K
  class space    used 2600K, capacity 2817K, committed 2944K, reserved 1048576K
}
Event: 4.624 GC heap after
{Heap after GC invocations=5 (full 0):
 garbage-first heap   total 131072K, used 10065K [0x0000000081200000, 0x0000000100000000)
  region size 1024K, 7 young (7168K), 7 survivors (7168K)
 Metaspace       used 23558K, capacity 24164K, committed 24368K, reserved 1071104K
  class space    used 2600K, capacity 2817K, committed 2944K, reserved 1048576K
}
Event: 5.204 GC heap before
{Heap before GC invocations=5 (full 0):
 garbage-first heap   total 131072K, used 79697K [0x0000000081200000, 0x0000000100000000)
  region size 1024K, 76 young (77824K), 7 survivors (7168K)
 Metaspace       used 23917K, capacity 24423K, committed 24624K, reserved 1071104K
  class space    used 2639K, capacity 2860K, committed 2944K, reserved 1048576K
}

